<?xml version="1.0" encoding="UTF-8"?>
<testng-results skipped="0" failed="0" ignored="0" total="1" passed="1">
  <reporter-output>
  </reporter-output>
  <suite name="Default suite" duration-ms="957" started-at="2018-01-04T08:38:12Z" finished-at="2018-01-04T08:38:13Z">
    <groups>
    </groups>
    <test name="Default test" duration-ms="957" started-at="2018-01-04T08:38:12Z" finished-at="2018-01-04T08:38:13Z">
      <class name="NewSelenium.ConnectDatabase">
        <test-method status="PASS" signature="testDB()[pri:0, instance:NewSelenium.ConnectDatabase@bbe345]" name="testDB" duration-ms="875" started-at="2018-01-04T14:08:12Z" finished-at="2018-01-04T14:08:13Z">
          <reporter-output>
          </reporter-output>
        </test-method> <!-- testDB -->
      </class> <!-- NewSelenium.ConnectDatabase -->
    </test> <!-- Default test -->
  </suite> <!-- Default suite -->
</testng-results>
